<?xml version="1.0" encoding="UTF-8"?>
<testsuite name="com.group.libraryapp.calculator.JunitCalculatorTest" tests="1" skipped="0" failures="0" errors="0" timestamp="2023-02-02T22:44:04" hostname="ida-eun-ui-MacBookPro.local" time="0.112">
  <properties/>
  <testcase name="divideExceprionTest()" classname="com.group.libraryapp.calculator.JunitCalculatorTest" time="0.112"/>
  <system-out><![CDATA[]]></system-out>
  <system-err><![CDATA[]]></system-err>
</testsuite>
